e:\codeproject\10\auth\client\debug\client.pch
e:\codeproject\10\auth\client\debug\vc140.pdb
e:\codeproject\10\auth\client\debug\vc140.idb
e:\codeproject\10\auth\client\debug\stdafx.obj
e:\codeproject\10\auth\client\debug\client.obj
e:\codeproject\10\auth\client\debug\clientdlg.obj
e:\codeproject\10\auth\client\debug\buffer.obj
e:\codeproject\10\auth\client\debug\until.obj
e:\codeproject\10\auth\client\debug\kernelmanager.obj
e:\codeproject\10\auth\client\debug\manager.obj
e:\codeproject\10\auth\client\debug\clientsocket.obj
e:\codeproject\10\auth\client\debug\regeditex.obj
e:\codeproject\10\auth\bin\client.exe
e:\codeproject\10\auth\bin\client.pdb
e:\codeproject\10\auth\client\debug\client.res
e:\codeproject\10\auth\client\debug\client.pdb
e:\codeproject\10\auth\client\../bin\client.exe
e:\codeproject\10\auth\client\debug\client.tlog\cl.command.1.tlog
e:\codeproject\10\auth\client\debug\client.tlog\cl.read.1.tlog
e:\codeproject\10\auth\client\debug\client.tlog\cl.write.1.tlog
e:\codeproject\10\auth\client\debug\client.tlog\link.command.1.tlog
e:\codeproject\10\auth\client\debug\client.tlog\link.read.1.tlog
e:\codeproject\10\auth\client\debug\client.tlog\link.write.1.tlog
e:\codeproject\10\auth\client\debug\client.tlog\rc.command.1.tlog
e:\codeproject\10\auth\client\debug\client.tlog\rc.read.1.tlog
e:\codeproject\10\auth\client\debug\client.tlog\rc.write.1.tlog
