e:\codeproject\10\auth\gh0st\gh0st\debug\gh0st.pch
e:\codeproject\10\auth\gh0st\gh0st\debug\vc140.pdb
e:\codeproject\10\auth\gh0st\gh0st\debug\vc140.idb
e:\codeproject\10\auth\gh0st\gh0st\debug\stdafx.obj
e:\codeproject\10\auth\gh0st\gh0st\debug\buildview.obj
e:\codeproject\10\auth\gh0st\gh0st\debug\customtabctrl.obj
e:\codeproject\10\auth\gh0st\gh0st\debug\gh0st.obj
e:\codeproject\10\auth\gh0st\gh0st\debug\gh0stdoc.obj
e:\codeproject\10\auth\gh0st\gh0st\debug\gh0stview.obj
e:\codeproject\10\auth\gh0st\gh0st\debug\buffer.obj
e:\codeproject\10\auth\gh0st\gh0st\debug\cpuusage.obj
e:\codeproject\10\auth\gh0st\gh0st\debug\iocpserver.obj
e:\codeproject\10\auth\gh0st\gh0st\debug\mainfrm.obj
e:\codeproject\10\auth\gh0st\gh0st\debug\mysqlmng.obj
e:\codeproject\10\auth\gh0st\gh0st\debug\settingsview.obj
e:\codeproject\10\auth\gh0st\gh0st\debug\tabsdiframewnd.obj
e:\codeproject\10\auth\gh0st\gh0st\debug\themeutil.obj
e:\codeproject\10\auth\gh0st\gh0st\debug\trayicon.obj
e:\codeproject\10\auth\gh0st\gh0st\debug\truecolortoolbar.obj
e:\codeproject\10\auth\gh0st\bin\gh0st.exe
e:\codeproject\10\auth\gh0st\bin\gh0st.pdb
e:\codeproject\10\auth\gh0st\gh0st\debug\gh0st.res
e:\codeproject\10\auth\gh0st\gh0st\..\bin\gh0st.exe
e:\codeproject\10\auth\gh0st\gh0st\debug\gh0st.tlog\cl.command.1.tlog
e:\codeproject\10\auth\gh0st\gh0st\debug\gh0st.tlog\cl.read.1.tlog
e:\codeproject\10\auth\gh0st\gh0st\debug\gh0st.tlog\cl.write.1.tlog
e:\codeproject\10\auth\gh0st\gh0st\debug\gh0st.tlog\link.command.1.tlog
e:\codeproject\10\auth\gh0st\gh0st\debug\gh0st.tlog\link.read.1.tlog
e:\codeproject\10\auth\gh0st\gh0st\debug\gh0st.tlog\link.write.1.tlog
e:\codeproject\10\auth\gh0st\gh0st\debug\gh0st.tlog\rc.command.1.tlog
e:\codeproject\10\auth\gh0st\gh0st\debug\gh0st.tlog\rc.read.1.tlog
e:\codeproject\10\auth\gh0st\gh0st\debug\gh0st.tlog\rc.write.1.tlog
